# JRE version: OpenJDK Runtime Environment Temurin-21.0.8+9 (21.0.8+9) (build 21.0.8+9-LTS)
# Java VM: OpenJDK 64-Bit Server VM Temurin-21.0.8+9 (21.0.8+9-LTS, mixed mode, sharing, tiered, compressed oops, compressed class ptrs, parallel gc, windows-amd64)
GC Precious Log:
 CardTable entry size: 512
 CPUs: 8 total, 8 available
 Memory: 16227M
 Large Page Support: Disabled
 NUMA Support: Disabled
 Compressed Oops: Enabled (32-bit)
 Alignments: Space 512K, Generation 512K, Heap 2M
 Heap Min Capacity: 100M
 Heap Initial Capacity: 100M
 Heap Max Capacity: 2G
 Pre-touch: Disabled
 Parallel Workers: 8
Heap:
 PSYoungGen      total 4608K, used 3538K [0x00000000d5580000, 0x00000000d5c00000, 0x0000000100000000)
  eden space 2560K, 72% used [0x00000000d5580000,0x00000000d57530f0,0x00000000d5800000)
  from space 2048K, 81% used [0x00000000d5a00000,0x00000000d5ba1820,0x00000000d5c00000)
  to   space 2048K, 0% used [0x00000000d5800000,0x00000000d5800000,0x00000000d5a00000)
 ParOldGen       total 867840K, used 867567K [0x0000000080000000, 0x00000000b4f80000, 0x00000000d5580000)
  object space 867840K, 99% used [0x0000000080000000,0x00000000b4f3bfc8,0x00000000b4f80000)
 Metaspace       used 77861K, committed 79616K, reserved 1179648K
  class space    used 8278K, committed 9088K, reserved 1048576K
GC Heap History (20 events):
Event: 267.314 GC heap before
{Heap before GC invocations=1558 (full 3):
 PSYoungGen      total 3584K, used 3456K [0x00000000d5580000, 0x00000000d5a80000, 0x0000000100000000)
  eden space 2048K, 100% used [0x00000000d5580000,0x00000000d5780000,0x00000000d5780000)
  from space 1536K, 91% used [0x00000000d5900000,0x00000000d5a60000,0x00000000d5a80000)
  to   space 1536K, 0% used [0x00000000d5780000,0x00000000d5780000,0x00000000d5900000)
 ParOldGen       total 858112K, used 857805K [0x0000000080000000, 0x00000000b4600000, 0x00000000d5580000)
  object space 858112K, 99% used [0x0000000080000000,0x00000000b45b3518,0x00000000b4600000)
 Metaspace       used 77835K, committed 79616K, reserved 1179648K
  class space    used 8277K, committed 9088K, reserved 1048576K
}
Event: 267.321 GC heap after
{Heap after GC invocations=1558 (full 3):
 PSYoungGen      total 3584K, used 1376K [0x00000000d5580000, 0x00000000d5b00000, 0x0000000100000000)
  eden space 2048K, 0% used [0x00000000d5580000,0x00000000d5580000,0x00000000d5780000)
  from space 1536K, 89% used [0x00000000d5780000,0x00000000d58d8000,0x00000000d5900000)
  to   space 1536K, 0% used [0x00000000d5980000,0x00000000d5980000,0x00000000d5b00000)
 ParOldGen       total 859136K, used 859091K [0x0000000080000000, 0x00000000b4700000, 0x00000000d5580000)
  object space 859136K, 99% used [0x0000000080000000,0x00000000b46f4de8,0x00000000b4700000)
 Metaspace       used 77835K, committed 79616K, reserved 1179648K
  class space    used 8277K, committed 9088K, reserved 1048576K
}
Event: 267.349 GC heap before
{Heap before GC invocations=1559 (full 3):
 PSYoungGen      total 3584K, used 3424K [0x00000000d5580000, 0x00000000d5b00000, 0x0000000100000000)
  eden space 2048K, 100% used [0x00000000d5580000,0x00000000d5780000,0x00000000d5780000)
  from space 1536K, 89% used [0x00000000d5780000,0x00000000d58d8000,0x00000000d5900000)
  to   space 1536K, 0% used [0x00000000d5980000,0x00000000d5980000,0x00000000d5b00000)
 ParOldGen       total 859136K, used 859091K [0x0000000080000000, 0x00000000b4700000, 0x00000000d5580000)
  object space 859136K, 99% used [0x0000000080000000,0x00000000b46f4de8,0x00000000b4700000)
 Metaspace       used 77835K, committed 79616K, reserved 1179648K
  class space    used 8277K, committed 9088K, reserved 1048576K
}
Event: 267.355 GC heap after
{Heap after GC invocations=1559 (full 3):
 PSYoungGen      total 2048K, used 1530K [0x00000000d5580000, 0x00000000d5f00000, 0x0000000100000000)
  eden space 512K, 0% used [0x00000000d5580000,0x00000000d5580000,0x00000000d5600000)
  from space 1536K, 99% used [0x00000000d5980000,0x00000000d5afe900,0x00000000d5b00000)
  to   space 3584K, 0% used [0x00000000d5600000,0x00000000d5600000,0x00000000d5980000)
 ParOldGen       total 860672K, used 860603K [0x0000000080000000, 0x00000000b4880000, 0x00000000d5580000)
  object space 860672K, 99% used [0x0000000080000000,0x00000000b486ede8,0x00000000b4880000)
 Metaspace       used 77835K, committed 79616K, reserved 1179648K
  class space    used 8277K, committed 9088K, reserved 1048576K
}
Event: 267.357 GC heap before
{Heap before GC invocations=1560 (full 3):
 PSYoungGen      total 2048K, used 2042K [0x00000000d5580000, 0x00000000d5f00000, 0x0000000100000000)
  eden space 512K, 100% used [0x00000000d5580000,0x00000000d5600000,0x00000000d5600000)
  from space 1536K, 99% used [0x00000000d5980000,0x00000000d5afe900,0x00000000d5b00000)
  to   space 3584K, 0% used [0x00000000d5600000,0x00000000d5600000,0x00000000d5980000)
 ParOldGen       total 860672K, used 860603K [0x0000000080000000, 0x00000000b4880000, 0x00000000d5580000)
  object space 860672K, 99% used [0x0000000080000000,0x00000000b486ede8,0x00000000b4880000)
 Metaspace       used 77835K, committed 79616K, reserved 1179648K
  class space    used 8277K, committed 9088K, reserved 1048576K
}
Event: 267.362 GC heap after
{Heap after GC invocations=1560 (full 3):
 PSYoungGen      total 1024K, used 288K [0x00000000d5580000, 0x00000000d5a00000, 0x0000000100000000)
  eden space 512K, 0% used [0x00000000d5580000,0x00000000d5580000,0x00000000d5600000)
  from space 512K, 56% used [0x00000000d5600000,0x00000000d5648000,0x00000000d5680000)
  to   space 1536K, 0% used [0x00000000d5880000,0x00000000d5880000,0x00000000d5a00000)
 ParOldGen       total 862208K, used 862162K [0x0000000080000000, 0x00000000b4a00000, 0x00000000d5580000)
  object space 862208K, 99% used [0x0000000080000000,0x00000000b49f4898,0x00000000b4a00000)
 Metaspace       used 77835K, committed 79616K, reserved 1179648K
  class space    used 8277K, committed 9088K, reserved 1048576K
}
Event: 267.365 GC heap before
{Heap before GC invocations=1561 (full 3):
 PSYoungGen      total 1024K, used 800K [0x00000000d5580000, 0x00000000d5a00000, 0x0000000100000000)
  eden space 512K, 100% used [0x00000000d5580000,0x00000000d5600000,0x00000000d5600000)
  from space 512K, 56% used [0x00000000d5600000,0x00000000d5648000,0x00000000d5680000)
  to   space 1536K, 0% used [0x00000000d5880000,0x00000000d5880000,0x00000000d5a00000)
 ParOldGen       total 862208K, used 862162K [0x0000000080000000, 0x00000000b4a00000, 0x00000000d5580000)
  object space 862208K, 99% used [0x0000000080000000,0x00000000b49f4898,0x00000000b4a00000)
 Metaspace       used 77836K, committed 79616K, reserved 1179648K
  class space    used 8277K, committed 9088K, reserved 1048576K
}
Event: 267.369 GC heap after
{Heap after GC invocations=1561 (full 3):
 PSYoungGen      total 1536K, used 384K [0x00000000d5580000, 0x00000000d5900000, 0x0000000100000000)
  eden space 1024K, 0% used [0x00000000d5580000,0x00000000d5580000,0x00000000d5680000)
  from space 512K, 75% used [0x00000000d5880000,0x00000000d58e0000,0x00000000d5900000)
  to   space 1024K, 0% used [0x00000000d5700000,0x00000000d5700000,0x00000000d5800000)
 ParOldGen       total 862720K, used 862346K [0x0000000080000000, 0x00000000b4a80000, 0x00000000d5580000)
  object space 862720K, 99% used [0x0000000080000000,0x00000000b4a22898,0x00000000b4a80000)
 Metaspace       used 77836K, committed 79616K, reserved 1179648K
  class space    used 8277K, committed 9088K, reserved 1048576K
}
Event: 267.375 GC heap before
{Heap before GC invocations=1562 (full 3):
 PSYoungGen      total 1536K, used 1407K [0x00000000d5580000, 0x00000000d5900000, 0x0000000100000000)
  eden space 1024K, 99% used [0x00000000d5580000,0x00000000d567ffe0,0x00000000d5680000)
  from space 512K, 75% used [0x00000000d5880000,0x00000000d58e0000,0x00000000d5900000)
  to   space 1024K, 0% used [0x00000000d5700000,0x00000000d5700000,0x00000000d5800000)
 ParOldGen       total 862720K, used 862346K [0x0000000080000000, 0x00000000b4a80000, 0x00000000d5580000)
  object space 862720K, 99% used [0x0000000080000000,0x00000000b4a22898,0x00000000b4a80000)
 Metaspace       used 77836K, committed 79616K, reserved 1179648K
  class space    used 8277K, committed 9088K, reserved 1048576K
}
Event: 267.380 GC heap after
{Heap after GC invocations=1562 (full 3):
 PSYoungGen      total 2560K, used 416K [0x00000000d5580000, 0x00000000d5900000, 0x0000000100000000)
  eden space 1536K, 0% used [0x00000000d5580000,0x00000000d5580000,0x00000000d5700000)
  from space 1024K, 40% used [0x00000000d5700000,0x00000000d5768000,0x00000000d5800000)
  to   space 512K, 0% used [0x00000000d5880000,0x00000000d5880000,0x00000000d5900000)
 ParOldGen       total 862720K, used 862602K [0x0000000080000000, 0x00000000b4a80000, 0x00000000d5580000)
  object space 862720K, 99% used [0x0000000080000000,0x00000000b4a62898,0x00000000b4a80000)
 Metaspace       used 77836K, committed 79616K, reserved 1179648K
  class space    used 8277K, committed 9088K, reserved 1048576K
}
Event: 267.393 GC heap before
{Heap before GC invocations=1563 (full 3):
 PSYoungGen      total 2560K, used 1952K [0x00000000d5580000, 0x00000000d5900000, 0x0000000100000000)
  eden space 1536K, 100% used [0x00000000d5580000,0x00000000d5700000,0x00000000d5700000)
  from space 1024K, 40% used [0x00000000d5700000,0x00000000d5768000,0x00000000d5800000)
  to   space 512K, 0% used [0x00000000d5880000,0x00000000d5880000,0x00000000d5900000)
 ParOldGen       total 862720K, used 862602K [0x0000000080000000, 0x00000000b4a80000, 0x00000000d5580000)
  object space 862720K, 99% used [0x0000000080000000,0x00000000b4a62898,0x00000000b4a80000)
 Metaspace       used 77836K, committed 79616K, reserved 1179648K
  class space    used 8277K, committed 9088K, reserved 1048576K
}
Event: 267.396 GC heap after
{Heap after GC invocations=1563 (full 3):
 PSYoungGen      total 1536K, used 487K [0x00000000d5580000, 0x00000000d5b80000, 0x0000000100000000)
  eden space 1024K, 0% used [0x00000000d5580000,0x00000000d5580000,0x00000000d5680000)
  from space 512K, 95% used [0x00000000d5880000,0x00000000d58f9fb8,0x00000000d5900000)
  to   space 2048K, 0% used [0x00000000d5680000,0x00000000d5680000,0x00000000d5880000)
 ParOldGen       total 863744K, used 863740K [0x0000000080000000, 0x00000000b4b80000, 0x00000000d5580000)
  object space 863744K, 99% used [0x0000000080000000,0x00000000b4b7f3b8,0x00000000b4b80000)
 Metaspace       used 77836K, committed 79616K, reserved 1179648K
  class space    used 8277K, committed 9088K, reserved 1048576K
}
Event: 267.412 GC heap before
{Heap before GC invocations=1564 (full 3):
 PSYoungGen      total 1536K, used 1511K [0x00000000d5580000, 0x00000000d5b80000, 0x0000000100000000)
  eden space 1024K, 100% used [0x00000000d5580000,0x00000000d5680000,0x00000000d5680000)
  from space 512K, 95% used [0x00000000d5880000,0x00000000d58f9fb8,0x00000000d5900000)
  to   space 2048K, 0% used [0x00000000d5680000,0x00000000d5680000,0x00000000d5880000)
 ParOldGen       total 864768K, used 864517K [0x0000000080000000, 0x00000000b4c80000, 0x00000000d5580000)
  object space 864768K, 99% used [0x0000000080000000,0x00000000b4c414c0,0x00000000b4c80000)
 Metaspace       used 77838K, committed 79616K, reserved 1179648K
  class space    used 8277K, committed 9088K, reserved 1048576K
}
Event: 267.416 GC heap after
{Heap after GC invocations=1564 (full 3):
 PSYoungGen      total 3072K, used 802K [0x00000000d5580000, 0x00000000d5a00000, 0x0000000100000000)
  eden space 1024K, 0% used [0x00000000d5580000,0x00000000d5580000,0x00000000d5680000)
  from space 2048K, 39% used [0x00000000d5680000,0x00000000d5748a08,0x00000000d5880000)
  to   space 1536K, 0% used [0x00000000d5880000,0x00000000d5880000,0x00000000d5a00000)
 ParOldGen       total 865280K, used 864938K [0x0000000080000000, 0x00000000b4d00000, 0x00000000d5580000)
  object space 865280K, 99% used [0x0000000080000000,0x00000000b4caaac0,0x00000000b4d00000)
 Metaspace       used 77838K, committed 79616K, reserved 1179648K
  class space    used 8277K, committed 9088K, reserved 1048576K
}
Event: 267.430 GC heap before
{Heap before GC invocations=1565 (full 3):
 PSYoungGen      total 3072K, used 1826K [0x00000000d5580000, 0x00000000d5a00000, 0x0000000100000000)
  eden space 1024K, 100% used [0x00000000d5580000,0x00000000d5680000,0x00000000d5680000)
  from space 2048K, 39% used [0x00000000d5680000,0x00000000d5748a08,0x00000000d5880000)
  to   space 1536K, 0% used [0x00000000d5880000,0x00000000d5880000,0x00000000d5a00000)
 ParOldGen       total 865280K, used 864938K [0x0000000080000000, 0x00000000b4d00000, 0x00000000d5580000)
  object space 865280K, 99% used [0x0000000080000000,0x00000000b4caaac0,0x00000000b4d00000)
 Metaspace       used 77840K, committed 79616K, reserved 1179648K
  class space    used 8277K, committed 9088K, reserved 1048576K
}
Event: 267.432 GC heap after
{Heap after GC invocations=1565 (full 3):
 PSYoungGen      total 2560K, used 836K [0x00000000d5580000, 0x00000000d5980000, 0x0000000100000000)
  eden space 1536K, 0% used [0x00000000d5580000,0x00000000d5580000,0x00000000d5700000)
  from space 1024K, 81% used [0x00000000d5880000,0x00000000d5951228,0x00000000d5980000)
  to   space 1024K, 0% used [0x00000000d5780000,0x00000000d5780000,0x00000000d5880000)
 ParOldGen       total 865792K, used 865678K [0x0000000080000000, 0x00000000b4d80000, 0x00000000d5580000)
  object space 865792K, 99% used [0x0000000080000000,0x00000000b4d63990,0x00000000b4d80000)
 Metaspace       used 77840K, committed 79616K, reserved 1179648K
  class space    used 8277K, committed 9088K, reserved 1048576K
}
Event: 267.449 GC heap before
{Heap before GC invocations=1566 (full 3):
 PSYoungGen      total 2560K, used 2356K [0x00000000d5580000, 0x00000000d5980000, 0x0000000100000000)
  eden space 1536K, 98% used [0x00000000d5580000,0x00000000d56fc090,0x00000000d5700000)
  from space 1024K, 81% used [0x00000000d5880000,0x00000000d5951228,0x00000000d5980000)
  to   space 1024K, 0% used [0x00000000d5780000,0x00000000d5780000,0x00000000d5880000)
 ParOldGen       total 865792K, used 865678K [0x0000000080000000, 0x00000000b4d80000, 0x00000000d5580000)
  object space 865792K, 99% used [0x0000000080000000,0x00000000b4d63990,0x00000000b4d80000)
 Metaspace       used 77846K, committed 79616K, reserved 1179648K
  class space    used 8277K, committed 9088K, reserved 1048576K
}
Event: 267.454 GC heap after
{Heap after GC invocations=1566 (full 3):
 PSYoungGen      total 3072K, used 1014K [0x00000000d5580000, 0x00000000d5c80000, 0x0000000100000000)
  eden space 2048K, 0% used [0x00000000d5580000,0x00000000d5580000,0x00000000d5780000)
  from space 1024K, 99% used [0x00000000d5780000,0x00000000d587d900,0x00000000d5880000)
  to   space 2560K, 0% used [0x00000000d5a00000,0x00000000d5a00000,0x00000000d5c80000)
 ParOldGen       total 866816K, used 866622K [0x0000000080000000, 0x00000000b4e80000, 0x00000000d5580000)
  object space 866816K, 99% used [0x0000000080000000,0x00000000b4e4f898,0x00000000b4e80000)
 Metaspace       used 77846K, committed 79616K, reserved 1179648K
  class space    used 8277K, committed 9088K, reserved 1048576K
}
Event: 267.482 GC heap before
{Heap before GC invocations=1567 (full 3):
 PSYoungGen      total 3072K, used 3062K [0x00000000d5580000, 0x00000000d5c80000, 0x0000000100000000)
  eden space 2048K, 100% used [0x00000000d5580000,0x00000000d5780000,0x00000000d5780000)
  from space 1024K, 99% used [0x00000000d5780000,0x00000000d587d900,0x00000000d5880000)
  to   space 2560K, 0% used [0x00000000d5a00000,0x00000000d5a00000,0x00000000d5c80000)
 ParOldGen       total 866816K, used 866622K [0x0000000080000000, 0x00000000b4e80000, 0x00000000d5580000)
  object space 866816K, 99% used [0x0000000080000000,0x00000000b4e4f898,0x00000000b4e80000)
 Metaspace       used 77847K, committed 79616K, reserved 1179648K
  class space    used 8277K, committed 9088K, reserved 1048576K
}
Event: 267.487 GC heap after
{Heap after GC invocations=1567 (full 3):
 PSYoungGen      total 4608K, used 1670K [0x00000000d5580000, 0x00000000d5c00000, 0x0000000100000000)
  eden space 2560K, 0% used [0x00000000d5580000,0x00000000d5580000,0x00000000d5800000)
  from space 2048K, 81% used [0x00000000d5a00000,0x00000000d5ba1820,0x00000000d5c00000)
  to   space 2048K, 0% used [0x00000000d5800000,0x00000000d5800000,0x00000000d5a00000)
 ParOldGen       total 867840K, used 867567K [0x0000000080000000, 0x00000000b4f80000, 0x00000000d5580000)
  object space 867840K, 99% used [0x0000000080000000,0x00000000b4f3bfc8,0x00000000b4f80000)
 Metaspace       used 77847K, committed 79616K, reserved 1179648K
  class space    used 8277K, committed 9088K, reserved 1048576K
}

